<?xml version="1.0" encoding="UTF-8"?>
<testng-results ignored="0" total="3" passed="3" failed="0" skipped="0">
  <reporter-output>
  </reporter-output>
  <suite started-at="2023-06-22T11:45:59Z" name="Default suite" finished-at="2023-06-22T11:46:15Z" duration-ms="16151">
    <groups>
      <group name="cucumber">
        <method signature="AbstractTestNGCucumberTests.runScenario(io.cucumber.testng.PickleWrapper, io.cucumber.testng.FeatureWrapper)[pri:0, instance:Runner.Youtube_TestRun@3403e2ac]" name="runScenario" class="io.cucumber.testng.AbstractTestNGCucumberTests"/>
      </group> <!-- cucumber -->
    </groups>
    <test started-at="2023-06-22T11:45:59Z" name="Default test" finished-at="2023-06-22T11:46:15Z" duration-ms="16151">
      <class name="Runner.Youtube_TestRun">
        <test-method is-config="true" signature="setUpClass()[pri:0, instance:Runner.Youtube_TestRun@3403e2ac]" started-at="2023-06-22T11:45:59Z" name="setUpClass" finished-at="2023-06-22T11:46:00Z" duration-ms="731" status="PASS">
          <reporter-output>
          </reporter-output>
        </test-method> <!-- setUpClass -->
        <test-method signature="runScenario(io.cucumber.testng.PickleWrapper, io.cucumber.testng.FeatureWrapper)[pri:0, instance:Runner.Youtube_TestRun@3403e2ac]" started-at="2023-06-22T11:46:00Z" name="runScenario" description="Runs Cucumber Scenarios" data-provider="scenarios" finished-at="2023-06-22T11:46:15Z" duration-ms="15138" status="PASS">
          <params>
            <param index="0">
              <value>
                <![CDATA["User search video by entering video name in search text field"]]>
              </value>
            </param>
            <param index="1">
              <value>
                <![CDATA["Optional[Search Video]"]]>
              </value>
            </param>
          </params>
          <reporter-output>
          </reporter-output>
        </test-method> <!-- runScenario -->
        <test-method signature="runScenario(io.cucumber.testng.PickleWrapper, io.cucumber.testng.FeatureWrapper)[pri:0, instance:Runner.Youtube_TestRun@3403e2ac]" started-at="2023-06-22T11:46:00Z" name="runScenario" description="Runs Cucumber Scenarios" data-provider="scenarios" finished-at="2023-06-22T11:46:15Z" duration-ms="15207" status="PASS">
          <params>
            <param index="0">
              <value>
                <![CDATA["User search video by entering video name in search text field"]]>
              </value>
            </param>
            <param index="1">
              <value>
                <![CDATA["Optional[Search Video]"]]>
              </value>
            </param>
          </params>
          <reporter-output>
          </reporter-output>
        </test-method> <!-- runScenario -->
        <test-method signature="runScenario(io.cucumber.testng.PickleWrapper, io.cucumber.testng.FeatureWrapper)[pri:0, instance:Runner.Youtube_TestRun@3403e2ac]" started-at="2023-06-22T11:46:00Z" name="runScenario" description="Runs Cucumber Scenarios" data-provider="scenarios" finished-at="2023-06-22T11:46:15Z" duration-ms="15317" status="PASS">
          <params>
            <param index="0">
              <value>
                <![CDATA["User search video by entering video name in search text field"]]>
              </value>
            </param>
            <param index="1">
              <value>
                <![CDATA["Optional[Search Video]"]]>
              </value>
            </param>
          </params>
          <reporter-output>
          </reporter-output>
        </test-method> <!-- runScenario -->
        <test-method is-config="true" signature="tearDownClass()[pri:0, instance:Runner.Youtube_TestRun@3403e2ac]" started-at="2023-06-22T11:46:15Z" name="tearDownClass" finished-at="2023-06-22T11:46:15Z" duration-ms="67" status="PASS">
          <reporter-output>
          </reporter-output>
        </test-method> <!-- tearDownClass -->
      </class> <!-- Runner.Youtube_TestRun -->
    </test> <!-- Default test -->
  </suite> <!-- Default suite -->
</testng-results>
